2025-12-03 10:45:00, MOVE, v:1, k:poo@zoo, mode:DOWN
2025-12-03 10:45:56, MOVE, v:1, k:poo@zoo, mode:PICK
2025-12-03 10:45:57, EXEC, v:1, k:poo@zoo, mode:LOCK, rate:100, size:0
2025-12-03 10:45:58, MOVE, v:1, k:poo@zoo, mode:BACK
2025-12-03 10:55:32, MOVE, v:1, k:poo@zoo, mode:PICK
2025-12-03 10:55:34, MOVE, v:1, k:poo@zoo, mode:BACK
2025-12-03 10:55:35, MOVE, v:1, k:poo@zoo, mode:PICK
2025-12-03 10:55:35, EXEC, v:1, k:poo@zoo, mode:LOCK, rate:100, size:15
2025-12-03 10:55:36, MOVE, v:1, k:poo@zoo, mode:BACK
2025-12-03 11:29:23, MOVE, v:1, k:poo@zoo, mode:PICK
2025-12-03 11:29:24, EXEC, v:1, k:poo@zoo, mode:LOCK, rate:0, size:64
2025-12-03 11:29:25, MOVE, v:1, k:poo@zoo, mode:BACK
2025-12-03 11:29:27, MOVE, v:1, k:poo@zoo, mode:PICK
2025-12-03 11:29:27, EXEC, v:1, k:poo@zoo, mode:LOCK, rate:0
2025-12-03 11:29:28, MOVE, v:1, k:poo@zoo, mode:BACK
2025-12-03 11:29:39, MOVE, v:1, k:poo@zoo, mode:PICK
2025-12-03 11:29:40, EXEC, v:1, k:poo@zoo, mode:FREE
2025-12-03 11:29:42, EXEC, v:1, k:poo@zoo, mode:LOCK, rate:0
2025-12-03 11:29:43, MOVE, v:1, k:poo@zoo, mode:BACK
2025-12-03 11:30:16, SELF, v:1, k:poo@zoo, rate:100, human:sim, iagen:sim, guide:sim, other:sim, alone:8
2025-12-03 16:32:11, MOVE, v:1, k:poo@zoo, mode:PICK
2025-12-03 16:32:11, EXEC, v:1, k:poo@zoo, mode:LOCK, rate:0
2025-12-03 16:32:12, MOVE, v:1, k:poo@zoo, mode:BACK
