2025-12-16 08:12:56, MOVE, v:1, k:poo@estacionamento, mode:PICK
2025-12-16 08:12:57, EXEC, v:1, k:poo@estacionamento, mode:FULL, rate:100
2025-12-16 08:12:57, MOVE, v:1, k:poo@estacionamento, mode:BACK
2025-12-16 08:15:32, MOVE, v:1, k:poo@estacionamento, mode:PICK
2025-12-16 08:15:33, EXEC, v:1, k:poo@estacionamento, mode:FREE
2025-12-16 08:16:39, MOVE, v:1, k:poo@estacionamento, mode:BACK
2025-12-16 08:16:41, MOVE, v:1, k:poo@estacionamento, mode:PICK
2025-12-16 08:16:43, EXEC, v:1, k:poo@estacionamento, mode:FREE, size:112
2025-12-16 08:23:23, EXEC, v:1, k:poo@estacionamento, mode:FULL, rate:100, size:112
2025-12-16 08:23:23, MOVE, v:1, k:poo@estacionamento, mode:BACK
2025-12-16 08:23:52, SELF, v:1, k:poo@estacionamento, rate:100, human:sim, iagen:sim, guide:sim, other:sim, alone:8
2025-12-16 08:24:43, MOVE, v:1, k:poo@shapes, mode:PICK
2025-12-16 08:24:44, MOVE, v:1, k:poo@shapes, mode:BACK
2025-12-16 08:24:47, MOVE, v:1, k:poo@estacionamento, mode:PICK
2025-12-16 08:24:48, EXEC, v:1, k:poo@estacionamento, mode:FULL, rate:100
2025-12-16 08:24:49, MOVE, v:1, k:poo@estacionamento, mode:BACK
2025-12-16 09:19:41, MOVE, v:1, k:poo@estacionamento, mode:PICK
2025-12-16 09:19:42, EXEC, v:1, k:poo@estacionamento, mode:FULL, rate:100
2025-12-16 09:19:42, MOVE, v:1, k:poo@estacionamento, mode:BACK
2025-12-16 09:29:09, MOVE, v:1, k:poo@estacionamento, mode:PICK
2025-12-16 09:29:10, EXEC, v:1, k:poo@estacionamento, mode:FULL, rate:100
2025-12-16 09:29:10, MOVE, v:1, k:poo@estacionamento, mode:BACK
